Arquivo de log criado em: 2025-07-21 19:27:08
[2025-07-21 19:27:08] TABELA: USUARIO
SQL: INSERT INTO USUARIO (NM_USUARIO, DS_USUARIO, DS_SENHA, IE_SITUACAO, DT_ATUALIZACAO, NM_USUARIO_ATUAL, CD_SETOR_ATENDIMENTO, CD_PESSOA_FISICA, CD_BARRAS, DT_ALTERACAO_SENHA, DS_EMAIL, NR_SEQUENCIA, CD_ESTABELECIMENTO, NR_RAMAL, IE_MENSAGEM_REC, IE_MENSAGEM_ENVIO, IE_ANEXAR_ARQUIVO, QT_DIA_SENHA, DS_CONTA_EMAIL, DS_SENHA_LAUDO, IE_COMUNIC_INTERNA, IE_TIPO_EVOLUCAO, IE_LOCALIZAR_MEDICO, CD_FUNCAO, IE_VERSAO_ANTERIOR, NR_SEQ_CLASSIF, IE_CHAMAR_TASYMON, CD_PERFIL_INICIAL, IE_EVENTO_AGENDA, IE_EVENTO_SAC, IE_EVENTO_PROCESSO, IE_EVENTO_PRESCR, IE_EVENTO_PROC_AGENDA, IE_EVENTO_COMUNIC, IE_EVENTO_ALERTA, IE_EVENTO_APROV_COMPRA, IE_EVENTO_EXAME_URG, IE_EVENTO_APROV_DOC, IE_FECHAR_TASYMON, DS_SENHA_EMAIL, IE_EVENTO_LIB_TELEFONE, NM_USUARIO_ORIG, IE_MOSTRAR_ANEXO_COMUNIC, IE_EVENTO_ORDEM_SERV, IE_EVENTO_OBJ_INV, DS_COMUNIC_PADRAO, NR_SEQ_IMPRESSORA, IE_ATUALIZAR_DIC, IE_EVENTO_RECOLETA, CD_CLASSIF_LOCALIZADOR, NR_SEQ_PERFIL, DT_VALIDADE_USUARIO, IE_PROFISSIONAL, IE_OS_PE_BSC, QT_ACESSO_INVALIDO, DS_LOGIN, IE_EVENTO_SUSP_EXAME, IE_EVENTO_MED_CIH, IE_EVENTO_SOLIC_PRONT, DS_HIST_PADRAO, IE_EVENTO_INT_AGENDA_SAN, IE_EVENTO_VINC_AGENDA_SAN, IE_EVENTO_CANC_CIR_SAN, IE_EVENTO_CANC_AGENDA_SAN, IE_EVENTO_ENC_AGENDA_SAN, IE_EVENTO_TRANSF_AGENDA_SAN, IE_EVENTO_ALTERACAO_PARAM, CD_CERTIFICADO, NR_SEQ_JUSTIFIC_ACESSO, IE_EVENTO_PACIENTE, DS_TEXTO_EMAIL, IE_EVENTO_ESTRANGEIRO, IE_EVENTO_ALTA_PARTIC, IE_EVENTO_ALERTA_MEDICO, DT_ATUALIZACAO_NREC, NM_USUARIO_NREC, IE_RECEBER_COPIA_EMAIL, IE_EVENTO_PREV_ALTA, IE_EVENTO_ALTA_PARTIC_EXT, IE_EVENTO_ALTA_REGRA, NR_SEQ_IDIOMA, NM_USUARIO_PESQUISA, IE_SAIDA_LOGOFF, DS_OBSERVACAO, IE_EVENTO_OS_PROGRAMAR, IE_DIETA_PRESCRITA, NR_NIVEL_APROVACAO, IE_EVENTO_AGENDA_COMERCIAL, IE_EVENTO_REQUISICAO_LIB, IE_EVENTO_ALT_STATUS_SAN, NR_SEQ_APRES_PROF, IE_OCORRENCIA_RETORNO, IE_EVENTO_SOLIC_COMPRA, IE_TERCEIRO, DT_VALIDADE_CERTIFICADO, IE_ALERTA_FORMA_ENTREGA, IE_EVENTO_HEMO, IE_EVENTO_SC_URGENTE, IE_EVENTO_AGENDA_CARATER, DT_EMISSAO_CERTIFICADO, IE_RESP_AUDITORIA, IE_EVENTO_LIB_RECEB_PP, IE_RENOVACAO_CERTIFICADO, IE_EVENTO_HIGIENIZACAO_LEITO, CD_BARRAS_NUMERICO, DT_INATIVACAO, NR_SEQ_ORDEM, IE_EVENTO_RETORNO_LIGACAO, DS_TEC, IE_EVENTO_VAGA_PEND_APROV, IE_TERMO_USO, NM_USUARIO_GIT, NM_USUARIO_GITHUB, DS_UTC, DS_UTC_ATUALIZACAO, IE_HORARIO_VERAO, DT_ACEITE_TERMO_USO, IE_CAN_VIEW_SENSITIVE_INFO, IE_CAN_VIEW_PATIENT_INFO, USER_2FA_STATUS, USER_2FA_SECRET, IE_CAN_DELETE_PATIENT, IE_CAN_AUTH_PATIENT_DELETION, IE_IMPLANTADOR, IE_SENHA_CASE_SENSITIVE, ID_VISIT_NUMBER, IE_USER_SENS_AUTH) VALUES (:NM_USUARIO, :DS_USUARIO, :DS_SENHA, :IE_SITUACAO, :DT_ATUALIZACAO, :NM_USUARIO_ATUAL, :CD_SETOR_ATENDIMENTO, :CD_PESSOA_FISICA, :CD_BARRAS, :DT_ALTERACAO_SENHA, :DS_EMAIL, :NR_SEQUENCIA, :CD_ESTABELECIMENTO, :NR_RAMAL, :IE_MENSAGEM_REC, :IE_MENSAGEM_ENVIO, :IE_ANEXAR_ARQUIVO, :QT_DIA_SENHA, :DS_CONTA_EMAIL, :DS_SENHA_LAUDO, :IE_COMUNIC_INTERNA, :IE_TIPO_EVOLUCAO, :IE_LOCALIZAR_MEDICO, :CD_FUNCAO, :IE_VERSAO_ANTERIOR, :NR_SEQ_CLASSIF, :IE_CHAMAR_TASYMON, :CD_PERFIL_INICIAL, :IE_EVENTO_AGENDA, :IE_EVENTO_SAC, :IE_EVENTO_PROCESSO, :IE_EVENTO_PRESCR, :IE_EVENTO_PROC_AGENDA, :IE_EVENTO_COMUNIC, :IE_EVENTO_ALERTA, :IE_EVENTO_APROV_COMPRA, :IE_EVENTO_EXAME_URG, :IE_EVENTO_APROV_DOC, :IE_FECHAR_TASYMON, :DS_SENHA_EMAIL, :IE_EVENTO_LIB_TELEFONE, :NM_USUARIO_ORIG, :IE_MOSTRAR_ANEXO_COMUNIC, :IE_EVENTO_ORDEM_SERV, :IE_EVENTO_OBJ_INV, :DS_COMUNIC_PADRAO, :NR_SEQ_IMPRESSORA, :IE_ATUALIZAR_DIC, :IE_EVENTO_RECOLETA, :CD_CLASSIF_LOCALIZADOR, :NR_SEQ_PERFIL, :DT_VALIDADE_USUARIO, :IE_PROFISSIONAL, :IE_OS_PE_BSC, :QT_ACESSO_INVALIDO, :DS_LOGIN, :IE_EVENTO_SUSP_EXAME, :IE_EVENTO_MED_CIH, :IE_EVENTO_SOLIC_PRONT, :DS_HIST_PADRAO, :IE_EVENTO_INT_AGENDA_SAN, :IE_EVENTO_VINC_AGENDA_SAN, :IE_EVENTO_CANC_CIR_SAN, :IE_EVENTO_CANC_AGENDA_SAN, :IE_EVENTO_ENC_AGENDA_SAN, :IE_EVENTO_TRANSF_AGENDA_SAN, :IE_EVENTO_ALTERACAO_PARAM, :CD_CERTIFICADO, :NR_SEQ_JUSTIFIC_ACESSO, :IE_EVENTO_PACIENTE, :DS_TEXTO_EMAIL, :IE_EVENTO_ESTRANGEIRO, :IE_EVENTO_ALTA_PARTIC, :IE_EVENTO_ALERTA_MEDICO, :DT_ATUALIZACAO_NREC, :NM_USUARIO_NREC, :IE_RECEBER_COPIA_EMAIL, :IE_EVENTO_PREV_ALTA, :IE_EVENTO_ALTA_PARTIC_EXT, :IE_EVENTO_ALTA_REGRA, :NR_SEQ_IDIOMA, :NM_USUARIO_PESQUISA, :IE_SAIDA_LOGOFF, :DS_OBSERVACAO, :IE_EVENTO_OS_PROGRAMAR, :IE_DIETA_PRESCRITA, :NR_NIVEL_APROVACAO, :IE_EVENTO_AGENDA_COMERCIAL, :IE_EVENTO_REQUISICAO_LIB, :IE_EVENTO_ALT_STATUS_SAN, :NR_SEQ_APRES_PROF, :IE_OCORRENCIA_RETORNO, :IE_EVENTO_SOLIC_COMPRA, :IE_TERCEIRO, :DT_VALIDADE_CERTIFICADO, :IE_ALERTA_FORMA_ENTREGA, :IE_EVENTO_HEMO, :IE_EVENTO_SC_URGENTE, :IE_EVENTO_AGENDA_CARATER, :DT_EMISSAO_CERTIFICADO, :IE_RESP_AUDITORIA, :IE_EVENTO_LIB_RECEB_PP, :IE_RENOVACAO_CERTIFICADO, :IE_EVENTO_HIGIENIZACAO_LEITO, :CD_BARRAS_NUMERICO, :DT_INATIVACAO, :NR_SEQ_ORDEM, :IE_EVENTO_RETORNO_LIGACAO, :DS_TEC, :IE_EVENTO_VAGA_PEND_APROV, :IE_TERMO_USO, :NM_USUARIO_GIT, :NM_USUARIO_GITHUB, :DS_UTC, :DS_UTC_ATUALIZACAO, :IE_HORARIO_VERAO, :DT_ACEITE_TERMO_USO, :IE_CAN_VIEW_SENSITIVE_INFO, :IE_CAN_VIEW_PATIENT_INFO, :USER_2FA_STATUS, :USER_2FA_SECRET, :IE_CAN_DELETE_PATIENT, :IE_CAN_AUTH_PATIENT_DELETION, :IE_IMPLANTADOR, :IE_SENHA_CASE_SENSITIVE, :ID_VISIT_NUMBER, :IE_USER_SENS_AUTH)
PARÂMETROS: Array
(
    [NM_USUARIO] => Implantador
    [DS_USUARIO] => Implantador
    [DS_SENHA] => C747F2391CC2EFECE42EF664C10EE9CD7DC9115841AF14ADEF85A0D6E333F9FB
    [IE_SITUACAO] => A
    [DT_ATUALIZACAO] => 12-MAR-25
    [NM_USUARIO_ATUAL] => Implantador
    [CD_SETOR_ATENDIMENTO] => 1
    [CD_PESSOA_FISICA] => 1
    [CD_BARRAS] => 
    [DT_ALTERACAO_SENHA] => 12-MAR-25
    [DS_EMAIL] => 
    [NR_SEQUENCIA] => 
    [CD_ESTABELECIMENTO] => 1
    [NR_RAMAL] => 
    [IE_MENSAGEM_REC] => N
    [IE_MENSAGEM_ENVIO] => N
    [IE_ANEXAR_ARQUIVO] => N
    [QT_DIA_SENHA] => 180
    [DS_CONTA_EMAIL] => 
    [DS_SENHA_LAUDO] => 
    [IE_COMUNIC_INTERNA] => S
    [IE_TIPO_EVOLUCAO] => 1
    [IE_LOCALIZAR_MEDICO] => 0
    [CD_FUNCAO] => 
    [IE_VERSAO_ANTERIOR] => S
    [NR_SEQ_CLASSIF] => 
    [IE_CHAMAR_TASYMON] => N
    [CD_PERFIL_INICIAL] => 
    [IE_EVENTO_AGENDA] => N
    [IE_EVENTO_SAC] => N
    [IE_EVENTO_PROCESSO] => N
    [IE_EVENTO_PRESCR] => N
    [IE_EVENTO_PROC_AGENDA] => N
    [IE_EVENTO_COMUNIC] => N
    [IE_EVENTO_ALERTA] => N
    [IE_EVENTO_APROV_COMPRA] => N
    [IE_EVENTO_EXAME_URG] => N
    [IE_EVENTO_APROV_DOC] => N
    [IE_FECHAR_TASYMON] => S
    [DS_SENHA_EMAIL] => 
    [IE_EVENTO_LIB_TELEFONE] => N
    [NM_USUARIO_ORIG] => @USUARIO
    [IE_MOSTRAR_ANEXO_COMUNIC] => N
    [IE_EVENTO_ORDEM_SERV] => N
    [IE_EVENTO_OBJ_INV] => N
    [DS_COMUNIC_PADRAO] => 
    [NR_SEQ_IMPRESSORA] => 
    [IE_ATUALIZAR_DIC] => N
    [IE_EVENTO_RECOLETA] => N
    [CD_CLASSIF_LOCALIZADOR] => 
    [NR_SEQ_PERFIL] => 
    [DT_VALIDADE_USUARIO] => 
    [IE_PROFISSIONAL] => 
    [IE_OS_PE_BSC] => 
    [QT_ACESSO_INVALIDO] => 0
    [DS_LOGIN] => 
    [IE_EVENTO_SUSP_EXAME] => N
    [IE_EVENTO_MED_CIH] => N
    [IE_EVENTO_SOLIC_PRONT] => N
    [DS_HIST_PADRAO] => 
    [IE_EVENTO_INT_AGENDA_SAN] => N
    [IE_EVENTO_VINC_AGENDA_SAN] => N
    [IE_EVENTO_CANC_CIR_SAN] => N
    [IE_EVENTO_CANC_AGENDA_SAN] => N
    [IE_EVENTO_ENC_AGENDA_SAN] => N
    [IE_EVENTO_TRANSF_AGENDA_SAN] => N
    [IE_EVENTO_ALTERACAO_PARAM] => N
    [CD_CERTIFICADO] => 
    [NR_SEQ_JUSTIFIC_ACESSO] => 
    [IE_EVENTO_PACIENTE] => N
    [DS_TEXTO_EMAIL] => 
    [IE_EVENTO_ESTRANGEIRO] => N
    [IE_EVENTO_ALTA_PARTIC] => 
    [IE_EVENTO_ALERTA_MEDICO] => 
    [DT_ATUALIZACAO_NREC] => 
    [NM_USUARIO_NREC] => 
    [IE_RECEBER_COPIA_EMAIL] => 
    [IE_EVENTO_PREV_ALTA] => 
    [IE_EVENTO_ALTA_PARTIC_EXT] => 
    [IE_EVENTO_ALTA_REGRA] => 
    [NR_SEQ_IDIOMA] => 
    [NM_USUARIO_PESQUISA] => IMPLANTADOR
    [IE_SAIDA_LOGOFF] => N
    [DS_OBSERVACAO] => senha em 04/05/2016 tasy@2016
    [IE_EVENTO_OS_PROGRAMAR] => 
    [IE_DIETA_PRESCRITA] => 
    [NR_NIVEL_APROVACAO] => 
    [IE_EVENTO_AGENDA_COMERCIAL] => 
    [IE_EVENTO_REQUISICAO_LIB] => 
    [IE_EVENTO_ALT_STATUS_SAN] => 
    [NR_SEQ_APRES_PROF] => 
    [IE_OCORRENCIA_RETORNO] => 
    [IE_EVENTO_SOLIC_COMPRA] => 
    [IE_TERCEIRO] => 
    [DT_VALIDADE_CERTIFICADO] => 
    [IE_ALERTA_FORMA_ENTREGA] => 
    [IE_EVENTO_HEMO] => 
    [IE_EVENTO_SC_URGENTE] => 
    [IE_EVENTO_AGENDA_CARATER] => 
    [DT_EMISSAO_CERTIFICADO] => 
    [IE_RESP_AUDITORIA] => 
    [IE_EVENTO_LIB_RECEB_PP] => 
    [IE_RENOVACAO_CERTIFICADO] => 
    [IE_EVENTO_HIGIENIZACAO_LEITO] => 
    [CD_BARRAS_NUMERICO] => 
    [DT_INATIVACAO] => 
    [NR_SEQ_ORDEM] => 
    [IE_EVENTO_RETORNO_LIGACAO] => 
    [DS_TEC] => ~78]G5y4N^l~ta,
    [IE_EVENTO_VAGA_PEND_APROV] => 
    [IE_TERMO_USO] => S
    [NM_USUARIO_GIT] => 
    [NM_USUARIO_GITHUB] => 
    [DS_UTC] => 12/03/2025T14:50:51-03:00
    [DS_UTC_ATUALIZACAO] => 31/03/2025T08:34:38-03:00
    [IE_HORARIO_VERAO] => N
    [DT_ACEITE_TERMO_USO] => 25-NOV-24
    [IE_CAN_VIEW_SENSITIVE_INFO] => Y
    [IE_CAN_VIEW_PATIENT_INFO] => Y
    [USER_2FA_STATUS] => 
    [USER_2FA_SECRET] => 
    [IE_CAN_DELETE_PATIENT] => N
    [IE_CAN_AUTH_PATIENT_DELETION] => N
    [IE_IMPLANTADOR] => 
    [IE_SENHA_CASE_SENSITIVE] => N
    [ID_VISIT_NUMBER] => 
    [IE_USER_SENS_AUTH] => 
)

--------------------------------------------------------------------------------
